#! /usr/bin/vvp
:ivl_version "11.0 (stable)";
:ivl_delay_selection "TYPICAL";
:vpi_time_precision + 0;
:vpi_module "/usr/lib/x86_64-linux-gnu/ivl/system.vpi";
:vpi_module "/usr/lib/x86_64-linux-gnu/ivl/vhdl_sys.vpi";
:vpi_module "/usr/lib/x86_64-linux-gnu/ivl/vhdl_textio.vpi";
:vpi_module "/usr/lib/x86_64-linux-gnu/ivl/v2005_math.vpi";
:vpi_module "/usr/lib/x86_64-linux-gnu/ivl/va_math.vpi";
S_0x562abc4291b0 .scope module, "sum1bcc_primitive_TB" "sum1bcc_primitive_TB" 2 3;
 .timescale 0 0;
v0x562abc43dac0_0 .var "A_tb", 0 0;
v0x562abc43db80_0 .var "B_tb", 0 0;
v0x562abc43dc50_0 .var "Ci_tb", 0 0;
S_0x562abc429340 .scope module, "uut" "sum1bcc_primitive" 2 8, 3 1 0, S_0x562abc4291b0;
 .timescale 0 0;
    .port_info 0 /INPUT 1 "A";
    .port_info 1 /INPUT 1 "B";
    .port_info 2 /INPUT 1 "Ci";
    .port_info 3 /OUTPUT 1 "Cout";
    .port_info 4 /OUTPUT 1 "S";
L_0x562abc43dd50 .functor AND 1, v0x562abc43dac0_0, v0x562abc43db80_0, C4<1>, C4<1>;
L_0x562abc43de90 .functor XOR 1, v0x562abc43dac0_0, v0x562abc43db80_0, C4<0>, C4<0>;
L_0x562abc43df00 .functor XOR 1, L_0x562abc43de90, v0x562abc43dc50_0, C4<0>, C4<0>;
L_0x562abc43e010 .functor AND 1, L_0x562abc43de90, v0x562abc43dc50_0, C4<1>, C4<1>;
L_0x562abc43e0b0 .functor OR 1, L_0x562abc43e010, L_0x562abc43dd50, C4<0>, C4<0>;
v0x562abc429520_0 .net "A", 0 0, v0x562abc43dac0_0;  1 drivers
v0x562abc43d480_0 .net "B", 0 0, v0x562abc43db80_0;  1 drivers
v0x562abc43d540_0 .net "Ci", 0 0, v0x562abc43dc50_0;  1 drivers
v0x562abc43d610_0 .net "Cout", 0 0, L_0x562abc43e0b0;  1 drivers
v0x562abc43d6d0_0 .net "S", 0 0, L_0x562abc43df00;  1 drivers
v0x562abc43d7e0_0 .net "a_ab", 0 0, L_0x562abc43dd50;  1 drivers
v0x562abc43d8a0_0 .net "cout_t", 0 0, L_0x562abc43e010;  1 drivers
v0x562abc43d960_0 .net "x_ab", 0 0, L_0x562abc43de90;  1 drivers
    .scope S_0x562abc4291b0;
T_0 ;
    %pushi/vec4 0, 0, 1;
    %store/vec4 v0x562abc43dac0_0, 0, 1;
    %pushi/vec4 0, 0, 1;
    %store/vec4 v0x562abc43db80_0, 0, 1;
    %pushi/vec4 0, 0, 1;
    %store/vec4 v0x562abc43dc50_0, 0, 1;
    %delay 3, 0;
    %pushi/vec4 0, 0, 1;
    %store/vec4 v0x562abc43dac0_0, 0, 1;
    %pushi/vec4 0, 0, 1;
    %store/vec4 v0x562abc43db80_0, 0, 1;
    %pushi/vec4 1, 0, 1;
    %store/vec4 v0x562abc43dc50_0, 0, 1;
    %delay 3, 0;
    %pushi/vec4 0, 0, 1;
    %store/vec4 v0x562abc43dac0_0, 0, 1;
    %pushi/vec4 1, 0, 1;
    %store/vec4 v0x562abc43db80_0, 0, 1;
    %pushi/vec4 0, 0, 1;
    %store/vec4 v0x562abc43dc50_0, 0, 1;
    %delay 3, 0;
    %pushi/vec4 0, 0, 1;
    %store/vec4 v0x562abc43dac0_0, 0, 1;
    %pushi/vec4 1, 0, 1;
    %store/vec4 v0x562abc43db80_0, 0, 1;
    %pushi/vec4 1, 0, 1;
    %store/vec4 v0x562abc43dc50_0, 0, 1;
    %delay 3, 0;
    %pushi/vec4 1, 0, 1;
    %store/vec4 v0x562abc43dac0_0, 0, 1;
    %pushi/vec4 0, 0, 1;
    %store/vec4 v0x562abc43db80_0, 0, 1;
    %pushi/vec4 0, 0, 1;
    %store/vec4 v0x562abc43dc50_0, 0, 1;
    %delay 3, 0;
    %pushi/vec4 1, 0, 1;
    %store/vec4 v0x562abc43dac0_0, 0, 1;
    %pushi/vec4 0, 0, 1;
    %store/vec4 v0x562abc43db80_0, 0, 1;
    %pushi/vec4 1, 0, 1;
    %store/vec4 v0x562abc43dc50_0, 0, 1;
    %delay 3, 0;
    %pushi/vec4 1, 0, 1;
    %store/vec4 v0x562abc43dac0_0, 0, 1;
    %pushi/vec4 1, 0, 1;
    %store/vec4 v0x562abc43db80_0, 0, 1;
    %pushi/vec4 0, 0, 1;
    %store/vec4 v0x562abc43dc50_0, 0, 1;
    %delay 3, 0;
    %pushi/vec4 1, 0, 1;
    %store/vec4 v0x562abc43dac0_0, 0, 1;
    %pushi/vec4 1, 0, 1;
    %store/vec4 v0x562abc43db80_0, 0, 1;
    %pushi/vec4 1, 0, 1;
    %store/vec4 v0x562abc43dc50_0, 0, 1;
    %delay 3, 0;
    %end;
    .thread T_0;
# The file index is used to find the file name in the following table.
:file_names 4;
    "N/A";
    "<interactive>";
    "sum1bcc_primitive_TB.v";
    "./sum1bcc_primitive.v";
